<?xml version="1.0" encoding="UTF-8"?>
<testng-results ignored="0" total="1" passed="1" failed="0" skipped="0">
  <reporter-output>
  </reporter-output>
  <suite started-at="2023-03-04T14:35:21 IST" name="Default suite" finished-at="2023-03-04T14:35:29 IST" duration-ms="8574">
    <groups>
    </groups>
    <test started-at="2023-03-04T14:35:21 IST" name="Default test" finished-at="2023-03-04T14:35:29 IST" duration-ms="8574">
      <class name="PlayList.ChecksongTest">
        <test-method signature="song()[pri:0, instance:PlayList.ChecksongTest@574b560f]" started-at="2023-03-04T14:35:21 IST" name="song" finished-at="2023-03-04T14:35:29 IST" duration-ms="8520" status="PASS">
          <reporter-output>
          </reporter-output>
        </test-method> <!-- song -->
      </class> <!-- PlayList.ChecksongTest -->
    </test> <!-- Default test -->
  </suite> <!-- Default suite -->
</testng-results>
